[2021-08-14 12:52:41] /
[2021-08-14 13:00:52] /
[2021-08-14 13:00:54] /
[2021-08-14 13:01:03] /
[2021-08-14 13:01:13] /
[2021-08-14 13:01:50] /
[2021-08-14 13:02:06] /
[2021-08-14 13:02:16] /
[2021-08-14 13:02:22] /
[2021-08-14 13:02:34] /
[2021-08-14 13:03:40] /
[2021-08-14 13:03:41] /favicon.ico
[2021-08-14 13:03:51] /admin
[2021-08-14 13:03:56] /admin
[2021-08-14 13:13:52] /admin
[2021-08-14 13:13:52] /login
[2021-08-14 13:13:52] /favicon.ico
[2021-08-14 13:14:00] /admin
[2021-08-14 13:14:00] /login
[2021-08-14 13:14:04] /admin?admin=1
[2021-08-14 13:17:56] /setting
[2021-08-14 13:17:58] /setting
[2021-08-14 13:17:59] /setting
[2021-08-14 13:18:04] /setting
[2021-08-14 13:18:04] /favicon.ico
[2021-08-14 13:18:39] /setting
[2021-08-14 13:18:39] /favicon.ico
[2021-08-14 13:18:41] /setting
[2021-08-14 13:18:42] /setting
[2021-08-14 13:18:42] /favicon.ico
[2021-08-14 13:18:49] /setting
[2021-08-14 13:18:49] /login
[2021-08-14 13:18:52] /admin
[2021-08-14 13:18:52] /login
[2021-08-14 13:19:00] /setting?admin=1
